2026-02-05 19:49:07,438 - data_scaling - INFO - 
       Age  Height  Weight  Duration  Heart_Rate  Body_Temp
9839    37   179.0    77.0       7.0        81.0       39.5
9680    23   195.0    87.0      26.0       110.0       40.5
7093    33   181.0    77.0      12.0        88.0       40.1
11293   66   156.0    54.0       9.0        77.0       39.5
820     32   144.0    49.0       5.0        90.0       39.0
...    ...     ...     ...       ...         ...        ...
5191    75   148.0    51.0      22.0       104.0       40.6
13418   21   172.0    67.0      20.0       104.0       40.7
5390    57   189.0    92.0       8.0        90.0       39.5
860     35   174.0    76.0      12.0        97.0       40.2
7270    26   182.0    86.0      16.0        91.0       40.5

[12000 rows x 6 columns]
2026-02-05 19:49:07,491 - data_scaling - INFO - 
       Age  Height  Weight  Duration  Heart_Rate  Body_Temp
11499   45   154.0    52.0      26.0       107.0       40.6
6475    21   187.0    90.0      29.0       111.0       40.5
13167   58   176.0    77.0      11.0        90.0       40.0
862     35   182.0    89.0      24.0       108.0       40.8
5970    67   171.0    67.0      29.0       116.0       41.1
...    ...     ...     ...       ...         ...        ...
6216    61   166.0    66.0      28.0       106.0       41.0
3585    73   165.0    66.0      10.0        92.0       40.0
10023   38   169.0    66.0      20.0       104.0       40.2
14044   25   163.0    54.0       5.0        86.0       39.2
12965   26   181.0    84.0      29.0       116.0       41.2

[3000 rows x 6 columns]
2026-02-05 19:49:07,491 - data_scaling - INFO - 
Index(['Age', 'Height', 'Weight', 'Duration', 'Heart_Rate', 'Body_Temp'], dtype='object')
2026-02-05 19:49:07,501 - data_scaling - INFO - 
[[-0.33729461  0.32323185  0.1395506  -1.02188864 -1.51737651 -0.67103106]
 [-1.16332224  1.44792406  0.80595486  1.26666332  1.52242538  0.61448958]
 [-0.57330251  0.46381838  0.1395506  -0.41963812 -0.78363123  0.10028132]
 ...
 [ 0.84274485  1.02616448  1.13915699 -0.90143854 -0.57398972 -0.67103106]
 [-0.45529856 -0.02823446  0.07291018 -0.41963812  0.15975557  0.22883339]
 [-0.98631632  0.53411164  0.73931444  0.06216229 -0.46916896  0.61448958]]
2026-02-05 19:49:07,502 - data_scaling - INFO - 
[[ 0.13472117 -1.43409972 -1.52646004  1.26666332  1.20796311  0.74304164]
 [-1.28132619  0.88557796  1.00587614  1.62801363  1.62724613  0.61448958]
 [ 0.90174683  0.11235207  0.1395506  -0.54008823 -0.57398972 -0.02827074]
 ...
 [-0.27829264 -0.37970078 -0.59349408  0.5439627   0.89350085  0.22883339]
 [-1.0453183  -0.80146035 -1.39317918 -1.26278885 -0.99327274 -1.05668726]
 [-0.98631632  0.46381838  0.60603358  1.62801363  2.15134991  1.51435403]]
2026-02-05 19:49:07,510 - data_scaling - INFO - 
            Age    Height    Weight  Duration  Heart_Rate  Body_Temp
0     -0.337295  0.323232  0.139551 -1.021889   -1.517377  -0.671031
1     -1.163322  1.447924  0.805955  1.266663    1.522425   0.614490
2     -0.573303  0.463818  0.139551 -0.419638   -0.783631   0.100281
3      1.373763 -1.293513 -1.393179 -0.780988   -1.936660  -0.671031
4     -0.632304 -2.137032 -1.726381 -1.262789   -0.573990  -1.313791
...         ...       ...       ...       ...         ...        ...
11995  1.904780 -1.855859 -1.593100  0.784863    0.893501   0.743042
11996 -1.281326 -0.168821 -0.526854  0.543963    0.893501   0.871594
11997  0.842745  1.026164  1.139157 -0.901439   -0.573990  -0.671031
11998 -0.455299 -0.028234  0.072910 -0.419638    0.159756   0.228833
11999 -0.986316  0.534112  0.739314  0.062162   -0.469169   0.614490

[12000 rows x 6 columns]
2026-02-05 19:49:07,517 - data_scaling - INFO - 
           Age    Height    Weight  Duration  Heart_Rate  Body_Temp
0     0.134721 -1.434100 -1.526460  1.266663    1.207963   0.743042
1    -1.281326  0.885578  1.005876  1.628014    1.627246   0.614490
2     0.901747  0.112352  0.139551 -0.540088   -0.573990  -0.028271
3    -0.455299  0.534112  0.939236  1.025763    1.312784   1.000146
4     1.432765 -0.239114 -0.526854  1.628014    2.151350   1.385802
...        ...       ...       ...       ...         ...        ...
2995  1.078753 -0.590581 -0.593494  1.507564    1.103142   1.257250
2996  1.786776 -0.660874 -0.593494 -0.660538   -0.364348  -0.028271
2997 -0.278293 -0.379701 -0.593494  0.543963    0.893501   0.228833
2998 -1.045318 -0.801460 -1.393179 -1.262789   -0.993273  -1.056687
2999 -0.986316  0.463818  0.606034  1.628014    2.151350   1.514354

[3000 rows x 6 columns]
