2026-02-05 19:49:06,642 - main - INFO - shape of df1:(15000, 2)
2026-02-05 19:49:06,642 - main - INFO - shape of df2:(15000, 8)
2026-02-05 19:49:06,643 - main - INFO - common columns :Index(['User_ID'], dtype='object')
2026-02-05 19:49:06,643 - main - INFO - Index(['User_ID', 'Gender', 'Age', 'Height', 'Weight', 'Duration',
       'Heart_Rate', 'Body_Temp', 'Calories'],
      dtype='object')
2026-02-05 19:49:06,643 - main - INFO - shape of df:(15000, 9)
2026-02-05 19:49:06,643 - main - INFO - User_ID       0
Gender        0
Age           0
Height        0
Weight        0
Duration      0
Heart_Rate    0
Body_Temp     0
Calories      0
dtype: int64
2026-02-05 19:49:06,643 - main - INFO - User_ID-->int64
2026-02-05 19:49:06,643 - main - INFO - Gender-->object
2026-02-05 19:49:06,643 - main - INFO - Age-->int64
2026-02-05 19:49:06,643 - main - INFO - Height-->float64
2026-02-05 19:49:06,643 - main - INFO - Weight-->float64
2026-02-05 19:49:06,643 - main - INFO - Duration-->float64
2026-02-05 19:49:06,643 - main - INFO - Heart_Rate-->float64
2026-02-05 19:49:06,643 - main - INFO - Body_Temp-->float64
2026-02-05 19:49:06,643 - main - INFO - Calories-->float64
2026-02-05 19:49:06,643 - main - INFO - shape of X:(15000, 7)
2026-02-05 19:49:06,643 - main - INFO - shape of y:(15000,)
2026-02-05 19:49:06,643 - main - INFO - shape of X_train:(12000, 7)
2026-02-05 19:49:06,643 - main - INFO - shape of X_test:(3000, 7)
2026-02-05 19:49:06,643 - main - INFO - shape of y_train:(12000,)
2026-02-05 19:49:06,643 - main - INFO - shape of y_test:(3000,)
2026-02-05 19:49:06,643 - main - INFO - columns of X_train:Index(['Gender', 'Age', 'Height', 'Weight', 'Duration', 'Heart_Rate',
       'Body_Temp'],
      dtype='object')
2026-02-05 19:49:06,643 - main - INFO - columns of X_test:Index(['Gender', 'Age', 'Height', 'Weight', 'Duration', 'Heart_Rate',
       'Body_Temp'],
      dtype='object')
2026-02-05 19:49:06,643 - main - INFO - columns of y_train:Calories
2026-02-05 19:49:06,643 - main - INFO - columns of y_test:Calories
2026-02-05 19:49:06,643 - main - INFO - There are no missing values in X_train and X_test
2026-02-05 19:49:06,643 - main - INFO - columns of X_train:Index(['Gender', 'Age', 'Height', 'Weight', 'Duration', 'Heart_Rate',
       'Body_Temp'],
      dtype='object')
2026-02-05 19:49:06,643 - main - INFO - columns of X_test:Index(['Gender', 'Age', 'Height', 'Weight', 'Duration', 'Heart_Rate',
       'Body_Temp'],
      dtype='object')
2026-02-05 19:49:06,643 - main - INFO - columns of X_train_num:Index(['Age', 'Height', 'Weight', 'Duration', 'Heart_Rate', 'Body_Temp'], dtype='object')
2026-02-05 19:49:06,643 - main - INFO - columns of X_train_cat:Index(['Gender'], dtype='object')
2026-02-05 19:49:06,643 - main - INFO - columns of X_test_num:Index(['Age', 'Height', 'Weight', 'Duration', 'Heart_Rate', 'Body_Temp'], dtype='object')
2026-02-05 19:49:06,643 - main - INFO - columns of X_test_cat:Index(['Gender'], dtype='object')
2026-02-05 19:49:06,643 - main - INFO - shape of X_train_num:(12000, 6)
2026-02-05 19:49:06,643 - main - INFO - shape of X_train_cat:(12000, 1)
2026-02-05 19:49:06,643 - main - INFO - shape of X_test_num:(3000, 6)
2026-02-05 19:49:06,643 - main - INFO - shape of X_test_cat:(3000, 1)
2026-02-05 19:49:07,394 - main - INFO - Error in line no:87 due to:cannot unpack non-iterable NoneType object
2026-02-05 19:49:07,394 - main - INFO - Index(['Gender'], dtype='object')
2026-02-05 19:49:07,394 - main - INFO - Index(['Gender'], dtype='object')
2026-02-05 19:49:07,413 - main - INFO - Index(['Gender_male'], dtype='object')
2026-02-05 19:49:07,413 - main - INFO - Index(['Gender_male'], dtype='object')
2026-02-05 19:49:07,413 - main - INFO - (12000, 1)
2026-02-05 19:49:07,413 - main - INFO - (3000, 1)
2026-02-05 19:49:07,413 - main - INFO - Gender_male    0
dtype: int64
2026-02-05 19:49:07,417 - main - INFO - Gender_male    0
dtype: int64
2026-02-05 19:49:07,419 - main - INFO - 
Before :       Age  Height  Weight  Duration  Heart_Rate  Body_Temp
9839    37   179.0    77.0       7.0        81.0       39.5
9680    23   195.0    87.0      26.0       110.0       40.5
7093    33   181.0    77.0      12.0        88.0       40.1
11293   66   156.0    54.0       9.0        77.0       39.5
820     32   144.0    49.0       5.0        90.0       39.0
...    ...     ...     ...       ...         ...        ...
5191    75   148.0    51.0      22.0       104.0       40.6
13418   21   172.0    67.0      20.0       104.0       40.7
5390    57   189.0    92.0       8.0        90.0       39.5
860     35   174.0    76.0      12.0        97.0       40.2
7270    26   182.0    86.0      16.0        91.0       40.5

[12000 rows x 6 columns]
2026-02-05 19:49:07,429 - main - INFO - 
Before :       Age  Height  Weight  Duration  Heart_Rate  Body_Temp
11499   45   154.0    52.0      26.0       107.0       40.6
6475    21   187.0    90.0      29.0       111.0       40.5
13167   58   176.0    77.0      11.0        90.0       40.0
862     35   182.0    89.0      24.0       108.0       40.8
5970    67   171.0    67.0      29.0       116.0       41.1
...    ...     ...     ...       ...         ...        ...
6216    61   166.0    66.0      28.0       106.0       41.0
3585    73   165.0    66.0      10.0        92.0       40.0
10023   38   169.0    66.0      20.0       104.0       40.2
14044   25   163.0    54.0       5.0        86.0       39.2
12965   26   181.0    84.0      29.0       116.0       41.2

[3000 rows x 6 columns]
2026-02-05 19:49:07,521 - main - INFO - 
After :            Age    Height    Weight  Duration  Heart_Rate  Body_Temp
0     -0.337295  0.323232  0.139551 -1.021889   -1.517377  -0.671031
1     -1.163322  1.447924  0.805955  1.266663    1.522425   0.614490
2     -0.573303  0.463818  0.139551 -0.419638   -0.783631   0.100281
3      1.373763 -1.293513 -1.393179 -0.780988   -1.936660  -0.671031
4     -0.632304 -2.137032 -1.726381 -1.262789   -0.573990  -1.313791
...         ...       ...       ...       ...         ...        ...
11995  1.904780 -1.855859 -1.593100  0.784863    0.893501   0.743042
11996 -1.281326 -0.168821 -0.526854  0.543963    0.893501   0.871594
11997  0.842745  1.026164  1.139157 -0.901439   -0.573990  -0.671031
11998 -0.455299 -0.028234  0.072910 -0.419638    0.159756   0.228833
11999 -0.986316  0.534112  0.739314  0.062162   -0.469169   0.614490

[12000 rows x 6 columns]
2026-02-05 19:49:07,532 - main - INFO - 
After :           Age    Height    Weight  Duration  Heart_Rate  Body_Temp
0     0.134721 -1.434100 -1.526460  1.266663    1.207963   0.743042
1    -1.281326  0.885578  1.005876  1.628014    1.627246   0.614490
2     0.901747  0.112352  0.139551 -0.540088   -0.573990  -0.028271
3    -0.455299  0.534112  0.939236  1.025763    1.312784   1.000146
4     1.432765 -0.239114 -0.526854  1.628014    2.151350   1.385802
...        ...       ...       ...       ...         ...        ...
2995  1.078753 -0.590581 -0.593494  1.507564    1.103142   1.257250
2996  1.786776 -0.660874 -0.593494 -0.660538   -0.364348  -0.028271
2997 -0.278293 -0.379701 -0.593494  0.543963    0.893501   0.228833
2998 -1.045318 -0.801460 -1.393179 -1.262789   -0.993273  -1.056687
2999 -0.986316  0.463818  0.606034  1.628014    2.151350   1.514354

[3000 rows x 6 columns]
2026-02-05 19:49:07,532 - main - INFO - ================================================
2026-02-05 19:49:07,532 - main - INFO - ================================================
2026-02-05 19:49:07,532 - main - INFO - (12000, 7)
2026-02-05 19:49:07,532 - main - INFO - (3000, 7)
2026-02-05 19:49:07,532 - main - INFO - Age            0
Height         0
Weight         0
Duration       0
Heart_Rate     0
Body_Temp      0
Gender_male    0
dtype: int64
2026-02-05 19:49:07,537 - main - INFO - Age            0
Height         0
Weight         0
Duration       0
Heart_Rate     0
Body_Temp      0
Gender_male    0
dtype: int64
2026-02-05 19:49:07,537 - main - INFO - ========================================================
2026-02-05 19:49:07,538 - main - INFO - 
            Age    Height    Weight  Duration  Heart_Rate  Body_Temp  Gender_male
0     -0.337295  0.323232  0.139551 -1.021889   -1.517377  -0.671031          1.0
1     -1.163322  1.447924  0.805955  1.266663    1.522425   0.614490          1.0
2     -0.573303  0.463818  0.139551 -0.419638   -0.783631   0.100281          1.0
3      1.373763 -1.293513 -1.393179 -0.780988   -1.936660  -0.671031          0.0
4     -0.632304 -2.137032 -1.726381 -1.262789   -0.573990  -1.313791          0.0
...         ...       ...       ...       ...         ...        ...          ...
11995  1.904780 -1.855859 -1.593100  0.784863    0.893501   0.743042          0.0
11996 -1.281326 -0.168821 -0.526854  0.543963    0.893501   0.871594          0.0
11997  0.842745  1.026164  1.139157 -0.901439   -0.573990  -0.671031          1.0
11998 -0.455299 -0.028234  0.072910 -0.419638    0.159756   0.228833          1.0
11999 -0.986316  0.534112  0.739314  0.062162   -0.469169   0.614490          1.0

[12000 rows x 7 columns]
2026-02-05 19:49:07,550 - main - INFO - 
           Age    Height    Weight  Duration  Heart_Rate  Body_Temp  Gender_male
0     0.134721 -1.434100 -1.526460  1.266663    1.207963   0.743042          0.0
1    -1.281326  0.885578  1.005876  1.628014    1.627246   0.614490          1.0
2     0.901747  0.112352  0.139551 -0.540088   -0.573990  -0.028271          1.0
3    -0.455299  0.534112  0.939236  1.025763    1.312784   1.000146          1.0
4     1.432765 -0.239114 -0.526854  1.628014    2.151350   1.385802          0.0
...        ...       ...       ...       ...         ...        ...          ...
2995  1.078753 -0.590581 -0.593494  1.507564    1.103142   1.257250          0.0
2996  1.786776 -0.660874 -0.593494 -0.660538   -0.364348  -0.028271          0.0
2997 -0.278293 -0.379701 -0.593494  0.543963    0.893501   0.228833          0.0
2998 -1.045318 -0.801460 -1.393179 -1.262789   -0.993273  -1.056687          0.0
2999 -0.986316  0.463818  0.606034  1.628014    2.151350   1.514354          1.0

[3000 rows x 7 columns]
2026-02-05 19:49:07,555 - main - INFO - 
9839      17.0
9680     167.0
7093      40.0
11293     34.0
820       23.0
         ...  
5191     151.0
13418    114.0
5390      41.0
860       57.0
7270      59.0
Name: Calories, Length: 12000, dtype: float64
2026-02-05 19:49:07,556 - main - INFO - 
11499    173.0
6475     189.0
13167     53.0
862      161.0
5970     226.0
         ...  
6216     186.0
3585      53.0
10023    120.0
14044     20.0
12965    214.0
Name: Calories, Length: 3000, dtype: float64
2026-02-05 19:49:07,586 - main - INFO - 
        Age    Height    Weight  Duration  Heart_Rate  Body_Temp  Gender_male
0 -0.337295  0.323232  0.139551 -1.021889   -1.517377  -0.671031          1.0
1 -1.163322  1.447924  0.805955  1.266663    1.522425   0.614490          1.0
2 -0.573303  0.463818  0.139551 -0.419638   -0.783631   0.100281          1.0
3  1.373763 -1.293513 -1.393179 -0.780988   -1.936660  -0.671031          0.0
4 -0.632304 -2.137032 -1.726381 -1.262789   -0.573990  -1.313791          0.0
2026-02-05 19:49:07,587 - main - INFO - 
9839      17.0
9680     167.0
7093      40.0
11293     34.0
820       23.0
Name: Calories, dtype: float64
